<?xml version="1.0" encoding="utf-8"?><testsuites><testsuite name="pytest" errors="0" failures="5" skipped="0" tests="18" time="1.909" timestamp="2025-11-18T01:14:54.615403+03:00" hostname="Josiahs-MacBook-Air.local"><testcase classname="tests.integration.test_api" name="test_create_chama" time="0.203" /><testcase classname="tests.integration.test_api" name="test_list_user_chamas" time="0.076" /><testcase classname="tests.integration.test_api" name="test_get_chama_details" time="0.053" /><testcase classname="tests.integration.test_api" name="test_join_chama" time="0.114" /><testcase classname="tests.integration.test_api" name="test_add_member_by_owner" time="0.063" /><testcase classname="tests.integration.test_api" name="test_membership_list" time="0.004"><failure message="fastapi.exceptions.HTTPException: 429: Rate limit exceeded. Try again in 59.6 seconds.">init_db = &lt;sqlalchemy.orm.session.Session object at 0x112478af0&gt;

    def test_membership_list(init_db):
&gt;       token = login_get_token("owner@test.com", "ownerpass")

tests/integration/test_api.py:95: 
_ _ _ _ _ _ _ _ _ _ _ _ _ _ _ _ _ _ _ _ _ _ _ _ _ _ _ _ _ _ 
tests/integration/test_api.py:47: in login_get_token
    response = client.post("/users/token", data={"username": email, "password": password})
../../.pyenv/versions/3.9.10/lib/python3.9/site-packages/starlette/testclient.py:552: in post
    return super().post(
../../.pyenv/versions/3.9.10/lib/python3.9/site-packages/httpx/_client.py:1146: in post
    return self.request(
../../.pyenv/versions/3.9.10/lib/python3.9/site-packages/starlette/testclient.py:451: in request
    return super().request(
../../.pyenv/versions/3.9.10/lib/python3.9/site-packages/httpx/_client.py:828: in request
    return self.send(request, auth=auth, follow_redirects=follow_redirects)
../../.pyenv/versions/3.9.10/lib/python3.9/site-packages/httpx/_client.py:915: in send
    response = self._send_handling_auth(
../../.pyenv/versions/3.9.10/lib/python3.9/site-packages/httpx/_client.py:943: in _send_handling_auth
    response = self._send_handling_redirects(
../../.pyenv/versions/3.9.10/lib/python3.9/site-packages/httpx/_client.py:980: in _send_handling_redirects
    response = self._send_single_request(request)
../../.pyenv/versions/3.9.10/lib/python3.9/site-packages/httpx/_client.py:1016: in _send_single_request
    response = transport.handle_request(request)
../../.pyenv/versions/3.9.10/lib/python3.9/site-packages/starlette/testclient.py:354: in handle_request
    raise exc
../../.pyenv/versions/3.9.10/lib/python3.9/site-packages/starlette/testclient.py:351: in handle_request
    portal.call(self.app, scope, receive, send)
../../.pyenv/versions/3.9.10/lib/python3.9/site-packages/anyio/from_thread.py:277: in call
    return cast(T_Retval, self.start_task_soon(func, *args).result())
../../.pyenv/versions/3.9.10/lib/python3.9/concurrent/futures/_base.py:446: in result
    return self.__get_result()
../../.pyenv/versions/3.9.10/lib/python3.9/concurrent/futures/_base.py:391: in __get_result
    raise self._exception
../../.pyenv/versions/3.9.10/lib/python3.9/site-packages/anyio/from_thread.py:217: in _call_func
    retval = await retval
../../.pyenv/versions/3.9.10/lib/python3.9/site-packages/fastapi/applications.py:1134: in __call__
    await super().__call__(scope, receive, send)
../../.pyenv/versions/3.9.10/lib/python3.9/site-packages/starlette/applications.py:113: in __call__
    await self.middleware_stack(scope, receive, send)
../../.pyenv/versions/3.9.10/lib/python3.9/site-packages/starlette/middleware/errors.py:186: in __call__
    raise exc
../../.pyenv/versions/3.9.10/lib/python3.9/site-packages/starlette/middleware/errors.py:164: in __call__
    await self.app(scope, receive, _send)
../../.pyenv/versions/3.9.10/lib/python3.9/site-packages/starlette/middleware/base.py:193: in __call__
    response = await self.dispatch_func(request, call_next)
backend/middleware.py:38: in dispatch
    response = await call_next(request)
../../.pyenv/versions/3.9.10/lib/python3.9/site-packages/starlette/middleware/base.py:168: in call_next
    raise app_exc from app_exc.__cause__ or app_exc.__context__
../../.pyenv/versions/3.9.10/lib/python3.9/site-packages/starlette/middleware/base.py:144: in coro
    await self.app(scope, receive_or_disconnect, send_no_error)
../../.pyenv/versions/3.9.10/lib/python3.9/site-packages/starlette/middleware/base.py:193: in __call__
    response = await self.dispatch_func(request, call_next)
_ _ _ _ _ _ _ _ _ _ _ _ _ _ _ _ _ _ _ _ _ _ _ _ _ _ _ _ _ _ 

self = &lt;backend.rate_limiting.RateLimitMiddleware object at 0x1125ac430&gt;
request = &lt;starlette.middleware.base._CachedRequest object at 0x112698af0&gt;
call_next = &lt;function BaseHTTPMiddleware.__call__.&lt;locals&gt;.call_next at 0x1126904c0&gt;

    async def dispatch(self, request: Request, call_next):
        # Skip rate limiting for exempt paths
        if request.url.path in self.exempt_paths:
            return await call_next(request)
    
        # Get client identifier
        client_ip = self._get_client_ip(request)
        user_id = self._get_user_id(request)
    
        # Skip rate limiting for exempt IPs
        if client_ip in self.exempt_ips:
            return await call_next(request)
    
        # Determine which rate limit to apply
        limit_name, custom_limit = self._get_rate_limit_config(request.url.path)
    
        # Use custom limit if specified for this endpoint
        if custom_limit:
            max_requests, window_seconds = custom_limit
        else:
            max_requests, window_seconds = self.global_limits[limit_name]
    
        # Create rate limit key (prefer user ID over IP for authenticated users)
        rate_limit_key = user_id if user_id else f"ip:{client_ip}"
    
        # Check rate limit
        is_allowed, retry_after = self.limiter.is_allowed(
            rate_limit_key, max_requests, window_seconds
        )
    
        if not is_allowed:
            # Log rate limit violation
            self.logger.warning(
                f"Rate limit exceeded: {rate_limit_key} - Path: {request.method} {request.url.path} - "
                f"Limit: {max_requests}/{window_seconds}s - Retry after: {retry_after:.1f}s",
                extra={"correlation_id": getattr(request.state, "correlation_id", "unknown")}
            )
    
            # Return rate limit exceeded response
&gt;           raise HTTPException(
                status_code=status.HTTP_429_TOO_MANY_REQUESTS,
                detail=f"Rate limit exceeded. Try again in {retry_after:.1f} seconds.",
                headers={"Retry-After": str(int(retry_after))}
            )
E           fastapi.exceptions.HTTPException: 429: Rate limit exceeded. Try again in 59.6 seconds.

backend/rate_limiting.py:121: HTTPException</failure></testcase><testcase classname="tests.integration.test_api" name="test_add_contribution_by_treasurer" time="0.003"><failure message="fastapi.exceptions.HTTPException: 429: Rate limit exceeded. Try again in 59.4 seconds.">init_db = &lt;sqlalchemy.orm.session.Session object at 0x112478af0&gt;

    def test_add_contribution_by_treasurer(init_db):
&gt;       token = login_get_token("treasurer@test.com", "treasurerpass")

tests/integration/test_api.py:105: 
_ _ _ _ _ _ _ _ _ _ _ _ _ _ _ _ _ _ _ _ _ _ _ _ _ _ _ _ _ _ 
tests/integration/test_api.py:47: in login_get_token
    response = client.post("/users/token", data={"username": email, "password": password})
../../.pyenv/versions/3.9.10/lib/python3.9/site-packages/starlette/testclient.py:552: in post
    return super().post(
../../.pyenv/versions/3.9.10/lib/python3.9/site-packages/httpx/_client.py:1146: in post
    return self.request(
../../.pyenv/versions/3.9.10/lib/python3.9/site-packages/starlette/testclient.py:451: in request
    return super().request(
../../.pyenv/versions/3.9.10/lib/python3.9/site-packages/httpx/_client.py:828: in request
    return self.send(request, auth=auth, follow_redirects=follow_redirects)
../../.pyenv/versions/3.9.10/lib/python3.9/site-packages/httpx/_client.py:915: in send
    response = self._send_handling_auth(
../../.pyenv/versions/3.9.10/lib/python3.9/site-packages/httpx/_client.py:943: in _send_handling_auth
    response = self._send_handling_redirects(
../../.pyenv/versions/3.9.10/lib/python3.9/site-packages/httpx/_client.py:980: in _send_handling_redirects
    response = self._send_single_request(request)
../../.pyenv/versions/3.9.10/lib/python3.9/site-packages/httpx/_client.py:1016: in _send_single_request
    response = transport.handle_request(request)
../../.pyenv/versions/3.9.10/lib/python3.9/site-packages/starlette/testclient.py:354: in handle_request
    raise exc
../../.pyenv/versions/3.9.10/lib/python3.9/site-packages/starlette/testclient.py:351: in handle_request
    portal.call(self.app, scope, receive, send)
../../.pyenv/versions/3.9.10/lib/python3.9/site-packages/anyio/from_thread.py:277: in call
    return cast(T_Retval, self.start_task_soon(func, *args).result())
../../.pyenv/versions/3.9.10/lib/python3.9/concurrent/futures/_base.py:446: in result
    return self.__get_result()
../../.pyenv/versions/3.9.10/lib/python3.9/concurrent/futures/_base.py:391: in __get_result
    raise self._exception
../../.pyenv/versions/3.9.10/lib/python3.9/site-packages/anyio/from_thread.py:217: in _call_func
    retval = await retval
../../.pyenv/versions/3.9.10/lib/python3.9/site-packages/fastapi/applications.py:1134: in __call__
    await super().__call__(scope, receive, send)
../../.pyenv/versions/3.9.10/lib/python3.9/site-packages/starlette/applications.py:113: in __call__
    await self.middleware_stack(scope, receive, send)
../../.pyenv/versions/3.9.10/lib/python3.9/site-packages/starlette/middleware/errors.py:186: in __call__
    raise exc
../../.pyenv/versions/3.9.10/lib/python3.9/site-packages/starlette/middleware/errors.py:164: in __call__
    await self.app(scope, receive, _send)
../../.pyenv/versions/3.9.10/lib/python3.9/site-packages/starlette/middleware/base.py:193: in __call__
    response = await self.dispatch_func(request, call_next)
backend/middleware.py:38: in dispatch
    response = await call_next(request)
../../.pyenv/versions/3.9.10/lib/python3.9/site-packages/starlette/middleware/base.py:168: in call_next
    raise app_exc from app_exc.__cause__ or app_exc.__context__
../../.pyenv/versions/3.9.10/lib/python3.9/site-packages/starlette/middleware/base.py:144: in coro
    await self.app(scope, receive_or_disconnect, send_no_error)
../../.pyenv/versions/3.9.10/lib/python3.9/site-packages/starlette/middleware/base.py:193: in __call__
    response = await self.dispatch_func(request, call_next)
_ _ _ _ _ _ _ _ _ _ _ _ _ _ _ _ _ _ _ _ _ _ _ _ _ _ _ _ _ _ 

self = &lt;backend.rate_limiting.RateLimitMiddleware object at 0x1125ac430&gt;
request = &lt;starlette.middleware.base._CachedRequest object at 0x117efe940&gt;
call_next = &lt;function BaseHTTPMiddleware.__call__.&lt;locals&gt;.call_next at 0x113246430&gt;

    async def dispatch(self, request: Request, call_next):
        # Skip rate limiting for exempt paths
        if request.url.path in self.exempt_paths:
            return await call_next(request)
    
        # Get client identifier
        client_ip = self._get_client_ip(request)
        user_id = self._get_user_id(request)
    
        # Skip rate limiting for exempt IPs
        if client_ip in self.exempt_ips:
            return await call_next(request)
    
        # Determine which rate limit to apply
        limit_name, custom_limit = self._get_rate_limit_config(request.url.path)
    
        # Use custom limit if specified for this endpoint
        if custom_limit:
            max_requests, window_seconds = custom_limit
        else:
            max_requests, window_seconds = self.global_limits[limit_name]
    
        # Create rate limit key (prefer user ID over IP for authenticated users)
        rate_limit_key = user_id if user_id else f"ip:{client_ip}"
    
        # Check rate limit
        is_allowed, retry_after = self.limiter.is_allowed(
            rate_limit_key, max_requests, window_seconds
        )
    
        if not is_allowed:
            # Log rate limit violation
            self.logger.warning(
                f"Rate limit exceeded: {rate_limit_key} - Path: {request.method} {request.url.path} - "
                f"Limit: {max_requests}/{window_seconds}s - Retry after: {retry_after:.1f}s",
                extra={"correlation_id": getattr(request.state, "correlation_id", "unknown")}
            )
    
            # Return rate limit exceeded response
&gt;           raise HTTPException(
                status_code=status.HTTP_429_TOO_MANY_REQUESTS,
                detail=f"Rate limit exceeded. Try again in {retry_after:.1f} seconds.",
                headers={"Retry-After": str(int(retry_after))}
            )
E           fastapi.exceptions.HTTPException: 429: Rate limit exceeded. Try again in 59.4 seconds.

backend/rate_limiting.py:121: HTTPException</failure></testcase><testcase classname="tests.integration.test_api" name="test_role_restriction" time="0.003"><failure message="fastapi.exceptions.HTTPException: 429: Rate limit exceeded. Try again in 59.2 seconds.">init_db = &lt;sqlalchemy.orm.session.Session object at 0x112478af0&gt;

    def test_role_restriction(init_db):
&gt;       token = login_get_token("member@test.com", "memberpass")

tests/integration/test_api.py:113: 
_ _ _ _ _ _ _ _ _ _ _ _ _ _ _ _ _ _ _ _ _ _ _ _ _ _ _ _ _ _ 
tests/integration/test_api.py:47: in login_get_token
    response = client.post("/users/token", data={"username": email, "password": password})
../../.pyenv/versions/3.9.10/lib/python3.9/site-packages/starlette/testclient.py:552: in post
    return super().post(
../../.pyenv/versions/3.9.10/lib/python3.9/site-packages/httpx/_client.py:1146: in post
    return self.request(
../../.pyenv/versions/3.9.10/lib/python3.9/site-packages/starlette/testclient.py:451: in request
    return super().request(
../../.pyenv/versions/3.9.10/lib/python3.9/site-packages/httpx/_client.py:828: in request
    return self.send(request, auth=auth, follow_redirects=follow_redirects)
../../.pyenv/versions/3.9.10/lib/python3.9/site-packages/httpx/_client.py:915: in send
    response = self._send_handling_auth(
../../.pyenv/versions/3.9.10/lib/python3.9/site-packages/httpx/_client.py:943: in _send_handling_auth
    response = self._send_handling_redirects(
../../.pyenv/versions/3.9.10/lib/python3.9/site-packages/httpx/_client.py:980: in _send_handling_redirects
    response = self._send_single_request(request)
../../.pyenv/versions/3.9.10/lib/python3.9/site-packages/httpx/_client.py:1016: in _send_single_request
    response = transport.handle_request(request)
../../.pyenv/versions/3.9.10/lib/python3.9/site-packages/starlette/testclient.py:354: in handle_request
    raise exc
../../.pyenv/versions/3.9.10/lib/python3.9/site-packages/starlette/testclient.py:351: in handle_request
    portal.call(self.app, scope, receive, send)
../../.pyenv/versions/3.9.10/lib/python3.9/site-packages/anyio/from_thread.py:277: in call
    return cast(T_Retval, self.start_task_soon(func, *args).result())
../../.pyenv/versions/3.9.10/lib/python3.9/concurrent/futures/_base.py:446: in result
    return self.__get_result()
../../.pyenv/versions/3.9.10/lib/python3.9/concurrent/futures/_base.py:391: in __get_result
    raise self._exception
../../.pyenv/versions/3.9.10/lib/python3.9/site-packages/anyio/from_thread.py:217: in _call_func
    retval = await retval
../../.pyenv/versions/3.9.10/lib/python3.9/site-packages/fastapi/applications.py:1134: in __call__
    await super().__call__(scope, receive, send)
../../.pyenv/versions/3.9.10/lib/python3.9/site-packages/starlette/applications.py:113: in __call__
    await self.middleware_stack(scope, receive, send)
../../.pyenv/versions/3.9.10/lib/python3.9/site-packages/starlette/middleware/errors.py:186: in __call__
    raise exc
../../.pyenv/versions/3.9.10/lib/python3.9/site-packages/starlette/middleware/errors.py:164: in __call__
    await self.app(scope, receive, _send)
../../.pyenv/versions/3.9.10/lib/python3.9/site-packages/starlette/middleware/base.py:193: in __call__
    response = await self.dispatch_func(request, call_next)
backend/middleware.py:38: in dispatch
    response = await call_next(request)
../../.pyenv/versions/3.9.10/lib/python3.9/site-packages/starlette/middleware/base.py:168: in call_next
    raise app_exc from app_exc.__cause__ or app_exc.__context__
../../.pyenv/versions/3.9.10/lib/python3.9/site-packages/starlette/middleware/base.py:144: in coro
    await self.app(scope, receive_or_disconnect, send_no_error)
../../.pyenv/versions/3.9.10/lib/python3.9/site-packages/starlette/middleware/base.py:193: in __call__
    response = await self.dispatch_func(request, call_next)
_ _ _ _ _ _ _ _ _ _ _ _ _ _ _ _ _ _ _ _ _ _ _ _ _ _ _ _ _ _ 

self = &lt;backend.rate_limiting.RateLimitMiddleware object at 0x1125ac430&gt;
request = &lt;starlette.middleware.base._CachedRequest object at 0x117d9eeb0&gt;
call_next = &lt;function BaseHTTPMiddleware.__call__.&lt;locals&gt;.call_next at 0x112678c10&gt;

    async def dispatch(self, request: Request, call_next):
        # Skip rate limiting for exempt paths
        if request.url.path in self.exempt_paths:
            return await call_next(request)
    
        # Get client identifier
        client_ip = self._get_client_ip(request)
        user_id = self._get_user_id(request)
    
        # Skip rate limiting for exempt IPs
        if client_ip in self.exempt_ips:
            return await call_next(request)
    
        # Determine which rate limit to apply
        limit_name, custom_limit = self._get_rate_limit_config(request.url.path)
    
        # Use custom limit if specified for this endpoint
        if custom_limit:
            max_requests, window_seconds = custom_limit
        else:
            max_requests, window_seconds = self.global_limits[limit_name]
    
        # Create rate limit key (prefer user ID over IP for authenticated users)
        rate_limit_key = user_id if user_id else f"ip:{client_ip}"
    
        # Check rate limit
        is_allowed, retry_after = self.limiter.is_allowed(
            rate_limit_key, max_requests, window_seconds
        )
    
        if not is_allowed:
            # Log rate limit violation
            self.logger.warning(
                f"Rate limit exceeded: {rate_limit_key} - Path: {request.method} {request.url.path} - "
                f"Limit: {max_requests}/{window_seconds}s - Retry after: {retry_after:.1f}s",
                extra={"correlation_id": getattr(request.state, "correlation_id", "unknown")}
            )
    
            # Return rate limit exceeded response
&gt;           raise HTTPException(
                status_code=status.HTTP_429_TOO_MANY_REQUESTS,
                detail=f"Rate limit exceeded. Try again in {retry_after:.1f} seconds.",
                headers={"Retry-After": str(int(retry_after))}
            )
E           fastapi.exceptions.HTTPException: 429: Rate limit exceeded. Try again in 59.2 seconds.

backend/rate_limiting.py:121: HTTPException</failure></testcase><testcase classname="tests.integration.test_api" name="test_nonexistent_chama" time="0.003"><failure message="fastapi.exceptions.HTTPException: 429: Rate limit exceeded. Try again in 59.0 seconds.">init_db = &lt;sqlalchemy.orm.session.Session object at 0x112478af0&gt;

    def test_nonexistent_chama(init_db):
&gt;       token = login_get_token("owner@test.com", "ownerpass")

tests/integration/test_api.py:120: 
_ _ _ _ _ _ _ _ _ _ _ _ _ _ _ _ _ _ _ _ _ _ _ _ _ _ _ _ _ _ 
tests/integration/test_api.py:47: in login_get_token
    response = client.post("/users/token", data={"username": email, "password": password})
../../.pyenv/versions/3.9.10/lib/python3.9/site-packages/starlette/testclient.py:552: in post
    return super().post(
../../.pyenv/versions/3.9.10/lib/python3.9/site-packages/httpx/_client.py:1146: in post
    return self.request(
../../.pyenv/versions/3.9.10/lib/python3.9/site-packages/starlette/testclient.py:451: in request
    return super().request(
../../.pyenv/versions/3.9.10/lib/python3.9/site-packages/httpx/_client.py:828: in request
    return self.send(request, auth=auth, follow_redirects=follow_redirects)
../../.pyenv/versions/3.9.10/lib/python3.9/site-packages/httpx/_client.py:915: in send
    response = self._send_handling_auth(
../../.pyenv/versions/3.9.10/lib/python3.9/site-packages/httpx/_client.py:943: in _send_handling_auth
    response = self._send_handling_redirects(
../../.pyenv/versions/3.9.10/lib/python3.9/site-packages/httpx/_client.py:980: in _send_handling_redirects
    response = self._send_single_request(request)
../../.pyenv/versions/3.9.10/lib/python3.9/site-packages/httpx/_client.py:1016: in _send_single_request
    response = transport.handle_request(request)
../../.pyenv/versions/3.9.10/lib/python3.9/site-packages/starlette/testclient.py:354: in handle_request
    raise exc
../../.pyenv/versions/3.9.10/lib/python3.9/site-packages/starlette/testclient.py:351: in handle_request
    portal.call(self.app, scope, receive, send)
../../.pyenv/versions/3.9.10/lib/python3.9/site-packages/anyio/from_thread.py:277: in call
    return cast(T_Retval, self.start_task_soon(func, *args).result())
../../.pyenv/versions/3.9.10/lib/python3.9/concurrent/futures/_base.py:446: in result
    return self.__get_result()
../../.pyenv/versions/3.9.10/lib/python3.9/concurrent/futures/_base.py:391: in __get_result
    raise self._exception
../../.pyenv/versions/3.9.10/lib/python3.9/site-packages/anyio/from_thread.py:217: in _call_func
    retval = await retval
../../.pyenv/versions/3.9.10/lib/python3.9/site-packages/fastapi/applications.py:1134: in __call__
    await super().__call__(scope, receive, send)
../../.pyenv/versions/3.9.10/lib/python3.9/site-packages/starlette/applications.py:113: in __call__
    await self.middleware_stack(scope, receive, send)
../../.pyenv/versions/3.9.10/lib/python3.9/site-packages/starlette/middleware/errors.py:186: in __call__
    raise exc
../../.pyenv/versions/3.9.10/lib/python3.9/site-packages/starlette/middleware/errors.py:164: in __call__
    await self.app(scope, receive, _send)
../../.pyenv/versions/3.9.10/lib/python3.9/site-packages/starlette/middleware/base.py:193: in __call__
    response = await self.dispatch_func(request, call_next)
backend/middleware.py:38: in dispatch
    response = await call_next(request)
../../.pyenv/versions/3.9.10/lib/python3.9/site-packages/starlette/middleware/base.py:168: in call_next
    raise app_exc from app_exc.__cause__ or app_exc.__context__
../../.pyenv/versions/3.9.10/lib/python3.9/site-packages/starlette/middleware/base.py:144: in coro
    await self.app(scope, receive_or_disconnect, send_no_error)
../../.pyenv/versions/3.9.10/lib/python3.9/site-packages/starlette/middleware/base.py:193: in __call__
    response = await self.dispatch_func(request, call_next)
_ _ _ _ _ _ _ _ _ _ _ _ _ _ _ _ _ _ _ _ _ _ _ _ _ _ _ _ _ _ 

self = &lt;backend.rate_limiting.RateLimitMiddleware object at 0x1125ac430&gt;
request = &lt;starlette.middleware.base._CachedRequest object at 0x117d0c940&gt;
call_next = &lt;function BaseHTTPMiddleware.__call__.&lt;locals&gt;.call_next at 0x113246940&gt;

    async def dispatch(self, request: Request, call_next):
        # Skip rate limiting for exempt paths
        if request.url.path in self.exempt_paths:
            return await call_next(request)
    
        # Get client identifier
        client_ip = self._get_client_ip(request)
        user_id = self._get_user_id(request)
    
        # Skip rate limiting for exempt IPs
        if client_ip in self.exempt_ips:
            return await call_next(request)
    
        # Determine which rate limit to apply
        limit_name, custom_limit = self._get_rate_limit_config(request.url.path)
    
        # Use custom limit if specified for this endpoint
        if custom_limit:
            max_requests, window_seconds = custom_limit
        else:
            max_requests, window_seconds = self.global_limits[limit_name]
    
        # Create rate limit key (prefer user ID over IP for authenticated users)
        rate_limit_key = user_id if user_id else f"ip:{client_ip}"
    
        # Check rate limit
        is_allowed, retry_after = self.limiter.is_allowed(
            rate_limit_key, max_requests, window_seconds
        )
    
        if not is_allowed:
            # Log rate limit violation
            self.logger.warning(
                f"Rate limit exceeded: {rate_limit_key} - Path: {request.method} {request.url.path} - "
                f"Limit: {max_requests}/{window_seconds}s - Retry after: {retry_after:.1f}s",
                extra={"correlation_id": getattr(request.state, "correlation_id", "unknown")}
            )
    
            # Return rate limit exceeded response
&gt;           raise HTTPException(
                status_code=status.HTTP_429_TOO_MANY_REQUESTS,
                detail=f"Rate limit exceeded. Try again in {retry_after:.1f} seconds.",
                headers={"Retry-After": str(int(retry_after))}
            )
E           fastapi.exceptions.HTTPException: 429: Rate limit exceeded. Try again in 59.0 seconds.

backend/rate_limiting.py:121: HTTPException</failure></testcase><testcase classname="tests.integration.test_api" name="test_non_member_access" time="0.007"><failure message="fastapi.exceptions.HTTPException: 429: Rate limit exceeded. Try again in 58.9 seconds.">init_db = &lt;sqlalchemy.orm.session.Session object at 0x112478af0&gt;

    def test_non_member_access(init_db):
&gt;       token = login_get_token("member@test.com", "memberpass")

tests/integration/test_api.py:126: 
_ _ _ _ _ _ _ _ _ _ _ _ _ _ _ _ _ _ _ _ _ _ _ _ _ _ _ _ _ _ 
tests/integration/test_api.py:47: in login_get_token
    response = client.post("/users/token", data={"username": email, "password": password})
../../.pyenv/versions/3.9.10/lib/python3.9/site-packages/starlette/testclient.py:552: in post
    return super().post(
../../.pyenv/versions/3.9.10/lib/python3.9/site-packages/httpx/_client.py:1146: in post
    return self.request(
../../.pyenv/versions/3.9.10/lib/python3.9/site-packages/starlette/testclient.py:451: in request
    return super().request(
../../.pyenv/versions/3.9.10/lib/python3.9/site-packages/httpx/_client.py:828: in request
    return self.send(request, auth=auth, follow_redirects=follow_redirects)
../../.pyenv/versions/3.9.10/lib/python3.9/site-packages/httpx/_client.py:915: in send
    response = self._send_handling_auth(
../../.pyenv/versions/3.9.10/lib/python3.9/site-packages/httpx/_client.py:943: in _send_handling_auth
    response = self._send_handling_redirects(
../../.pyenv/versions/3.9.10/lib/python3.9/site-packages/httpx/_client.py:980: in _send_handling_redirects
    response = self._send_single_request(request)
../../.pyenv/versions/3.9.10/lib/python3.9/site-packages/httpx/_client.py:1016: in _send_single_request
    response = transport.handle_request(request)
../../.pyenv/versions/3.9.10/lib/python3.9/site-packages/starlette/testclient.py:354: in handle_request
    raise exc
../../.pyenv/versions/3.9.10/lib/python3.9/site-packages/starlette/testclient.py:351: in handle_request
    portal.call(self.app, scope, receive, send)
../../.pyenv/versions/3.9.10/lib/python3.9/site-packages/anyio/from_thread.py:277: in call
    return cast(T_Retval, self.start_task_soon(func, *args).result())
../../.pyenv/versions/3.9.10/lib/python3.9/concurrent/futures/_base.py:446: in result
    return self.__get_result()
../../.pyenv/versions/3.9.10/lib/python3.9/concurrent/futures/_base.py:391: in __get_result
    raise self._exception
../../.pyenv/versions/3.9.10/lib/python3.9/site-packages/anyio/from_thread.py:217: in _call_func
    retval = await retval
../../.pyenv/versions/3.9.10/lib/python3.9/site-packages/fastapi/applications.py:1134: in __call__
    await super().__call__(scope, receive, send)
../../.pyenv/versions/3.9.10/lib/python3.9/site-packages/starlette/applications.py:113: in __call__
    await self.middleware_stack(scope, receive, send)
../../.pyenv/versions/3.9.10/lib/python3.9/site-packages/starlette/middleware/errors.py:186: in __call__
    raise exc
../../.pyenv/versions/3.9.10/lib/python3.9/site-packages/starlette/middleware/errors.py:164: in __call__
    await self.app(scope, receive, _send)
../../.pyenv/versions/3.9.10/lib/python3.9/site-packages/starlette/middleware/base.py:193: in __call__
    response = await self.dispatch_func(request, call_next)
backend/middleware.py:38: in dispatch
    response = await call_next(request)
../../.pyenv/versions/3.9.10/lib/python3.9/site-packages/starlette/middleware/base.py:168: in call_next
    raise app_exc from app_exc.__cause__ or app_exc.__context__
../../.pyenv/versions/3.9.10/lib/python3.9/site-packages/starlette/middleware/base.py:144: in coro
    await self.app(scope, receive_or_disconnect, send_no_error)
../../.pyenv/versions/3.9.10/lib/python3.9/site-packages/starlette/middleware/base.py:193: in __call__
    response = await self.dispatch_func(request, call_next)
_ _ _ _ _ _ _ _ _ _ _ _ _ _ _ _ _ _ _ _ _ _ _ _ _ _ _ _ _ _ 

self = &lt;backend.rate_limiting.RateLimitMiddleware object at 0x1125ac430&gt;
request = &lt;starlette.middleware.base._CachedRequest object at 0x117e9f850&gt;
call_next = &lt;function BaseHTTPMiddleware.__call__.&lt;locals&gt;.call_next at 0x1132465e0&gt;

    async def dispatch(self, request: Request, call_next):
        # Skip rate limiting for exempt paths
        if request.url.path in self.exempt_paths:
            return await call_next(request)
    
        # Get client identifier
        client_ip = self._get_client_ip(request)
        user_id = self._get_user_id(request)
    
        # Skip rate limiting for exempt IPs
        if client_ip in self.exempt_ips:
            return await call_next(request)
    
        # Determine which rate limit to apply
        limit_name, custom_limit = self._get_rate_limit_config(request.url.path)
    
        # Use custom limit if specified for this endpoint
        if custom_limit:
            max_requests, window_seconds = custom_limit
        else:
            max_requests, window_seconds = self.global_limits[limit_name]
    
        # Create rate limit key (prefer user ID over IP for authenticated users)
        rate_limit_key = user_id if user_id else f"ip:{client_ip}"
    
        # Check rate limit
        is_allowed, retry_after = self.limiter.is_allowed(
            rate_limit_key, max_requests, window_seconds
        )
    
        if not is_allowed:
            # Log rate limit violation
            self.logger.warning(
                f"Rate limit exceeded: {rate_limit_key} - Path: {request.method} {request.url.path} - "
                f"Limit: {max_requests}/{window_seconds}s - Retry after: {retry_after:.1f}s",
                extra={"correlation_id": getattr(request.state, "correlation_id", "unknown")}
            )
    
            # Return rate limit exceeded response
&gt;           raise HTTPException(
                status_code=status.HTTP_429_TOO_MANY_REQUESTS,
                detail=f"Rate limit exceeded. Try again in {retry_after:.1f} seconds.",
                headers={"Retry-After": str(int(retry_after))}
            )
E           fastapi.exceptions.HTTPException: 429: Rate limit exceeded. Try again in 58.9 seconds.

backend/rate_limiting.py:121: HTTPException</failure></testcase><testcase classname="tests.test_users" name="test_register_and_login_user" time="0.108" /><testcase classname="tests.unit.test_crud" name="test_create_user" time="0.045" /><testcase classname="tests.unit.test_schemas" name="test_user_create_valid" time="0.000" /><testcase classname="tests.unit.test_schemas" name="test_user_create_invalid_email" time="0.000" /><testcase classname="tests.unit.test_schemas" name="test_chama_create_valid" time="0.000" /><testcase classname="tests.unit.test_schemas" name="test_contribution_create_valid" time="0.000" /><testcase classname="tests.unit.test_security" name="test_password_hashing" time="0.118" /><testcase classname="tests.unit.test_security" name="test_create_decode_jwt" time="0.005" /></testsuite></testsuites>